<?xml version="1.0" encoding="UTF-8" ?>
<testsuite errors="0" failures="0" hostname="Visural-PC" name="com.visural.common.cache.CachePerformanceTest" tests="1" time="25.921" timestamp="2011-09-26T06:55:23">
  <properties>
    <property name="libs.jsp-compiler.javadoc" value="" />
    <property name="netbeans.autoupdate.country" value="AU" />
    <property name="env.PROCESSOR_IDENTIFIER" value="x86 Family 6 Model 23 Stepping 6, GenuineIntel" />
    <property name="profiler.settings.sort.results.by.thread.cpu.time" value="false" />
    <property name="profiler.info.single.file" value="C:\Users\Visural\Documents\NetBeansProjects\oss\visural-common\visural-common\test\com\visural\common\cache\CachePerformanceTest.java" />
    <property name="javac.test.classpath" value="C:/Users/Visural/Documents/NetBeansProjects/oss/visural-common/visural-common/lib/guice/aopalliance.jar;C:/Users/Visural/Documents/NetBeansProjects/oss/visural-common/visural-common/lib/guice/guice-2.0.jar;C:/Users/Visural/Documents/NetBeansProjects/oss/visural-common/visural-common/lib/guice/guice-assistedinject-2.0.jar;C:/Users/Visural/Documents/NetBeansProjects/oss/visural-common/visural-common/lib/guice/guice-jmx-2.0.jar;C:/Users/Visural/Documents/NetBeansProjects/oss/visural-common/visural-common/lib/guice/guice-jndi-2.0.jar;C:/Users/Visural/Documents/NetBeansProjects/oss/visural-common/visural-common/lib/guice/guice-multibindings-2.0.jar;C:/Users/Visural/Documents/NetBeansProjects/oss/visural-common/visural-common/lib/guice/guice-servlet-2.0.jar;C:/Users/Visural/Documents/NetBeansProjects/oss/visural-common/visural-common/lib/guice/guice-spring-2.0.jar;C:/Users/Visural/Documents/NetBeansProjects/oss/visural-common/visural-common/lib/guice/guice-struts2-plugin-2.0.jar;C:/Users/Visural/Documents/NetBeansProjects/oss/visural-common/visural-common/lib/guice/guice-throwingproviders-2.0.jar:C:/Users/Visural/Documents/NetBeansProjects/oss/visural-common/visural-common/lib/guava/guava-r05.jar:C:/Users/Visural/Documents/NetBeansProjects/oss/visural-common/visural-common/lib/rhino/js.jar:C:/Users/Visural/Documents/NetBeansProjects/oss/visural-common/visural-common/lib/javax.servlet/geronimo-servlet_2.5_spec-1.2.jar:C:/Users/Visural/Documents/NetBeansProjects/oss/visural-common/visural-common/lib/yuicompressor/yuicompressor-2.4.2.jar:build/classes:C:/Users/Visural/Documents/NetBeansProjects/oss/visural-common/visural-common/lib/junit/junit-3.8.2.jar:C:/Users/Visural/Documents/NetBeansProjects/oss/visural-common/visural-common/lib/junit_4/junit-4.5.jar" />
    <property name="libs.rhino.classpath" value="C:/Users/Visural/Documents/NetBeansProjects/oss/visural-common/visural-common/lib/rhino/js.jar" />
    <property name="profiler.settings.profiling.type" value="8" />
    <property name="libs.junit.javadoc" value="C:/Users/Visural/Documents/NetBeansProjects/oss/visural-common/visural-common/lib/junit/junit-3.8.2-api.zip" />
    <property name="profiler.settings.cpu.quick.filterprofiler.simple.filter.value" value="" />
    <property name="javac.includes" value="com/visural/common/cache/CachePerformanceTest.java" />
    <property name="ant.core.lib" value="C:\Program Files\NetBeans 7.0\java\ant\lib\ant.jar" />
    <property name="libs.swing-app-framework.src" value="" />
    <property name="javadoc.windowtitle" value="" />
    <property name="libs.toplink.classpath" value="C:\Program Files\NetBeans 7.0\java\modules\ext\toplink\toplink-essentials.jar;C:\Program Files\NetBeans 7.0\java\modules\ext\toplink\toplink-essentials-agent.jar" />
    <property name="libs.jsp-compilation.javadoc" value="" />
    <property name="user.dir" value="C:\Users\Visural\Documents\NetBeansProjects\oss\visural-common\visural-common" />
    <property name="libs.hibernate-persistence.javadoc" value="" />
    <property name="java.vm.version" value="1.5.0_05-b05" />
    <property name="libs.jstl11.maven-pom" value="" />
    <property name="profiler.settings.sampling.interval" value="10" />
    <property name="libs.Java-EE-GlassFish-v3.wsimport" value="" />
    <property name="profiler.session.port.no" value="5140" />
    <property name="env.USERPROFILE" value="C:\Users\Visural" />
    <property name="libs.MySQLDriver.classpath" value="C:\Program Files\NetBeans 7.0\ide\modules\ext\mysql-connector-java-5.1.13-bin.jar" />
    <property name="libs.eclipselinkmodelgen.src" value="" />
    <property name="libs.jstl11.src" value="" />
    <property name="javadoc.notree" value="false" />
    <property name="netbeans.autoupdate.version" value="1.23" />
    <property name="libs.EclipseLink-GlassFish-v3.classpath" value="C:\Program Files\glassfish-3.0.1\glassfish\modules\org.eclipse.persistence.antlr.jar;C:\Program Files\glassfish-3.0.1\glassfish\modules\org.eclipse.persistence.asm.jar;C:\Program Files\glassfish-3.0.1\glassfish\modules\org.eclipse.persistence.core.jar;C:\Program Files\glassfish-3.0.1\glassfish\modules\org.eclipse.persistence.jpa.jar;C:\Program Files\glassfish-3.0.1\glassfish\modules\org.eclipse.persistence.jpa.modelgen.jar;C:\Program Files\glassfish-3.0.1\glassfish\modules\org.eclipse.persistence.oracle.jar;C:\Program Files\glassfish-3.0.1\glassfish\modules\javax.persistence.jar" />
    <property name="libs.javaee-web-api-6.0.classpath" value="C:\Users\Visural\.netbeans\7.0\modules\ext\javaee-web-api-6.0.jar" />
    <property name="libs.hibernate-support.maven-pom" value="" />
    <property name="libs.hibernate-support.javadoc" value="" />
    <property name="project.license" value="C:\Documents and Settings\Richard Nichols\My Documents\NetBeansProjects\visural-common\apache20" />
    <property name="jdk.home" value="C:\Program Files\Java\jdk1.6.0_16" />
    <property name="libs.javac-api.src" value="" />
    <property name="javadoc.noindex" value="false" />
    <property name="sun.os.patch.level" value="Service Pack 1" />
    <property name="java.vm.specification.name" value="Java Virtual Machine Specification" />
    <property name="nb.show.statistics.ui" value="usageStatisticsEnabled" />
    <property name="netbeans.autoupdate.variant" value="" />
    <property name="ant.file.type.visural-common-impl" value="file" />
    <property name="have.tests" value="true" />
    <property name="org.xml.sax.driver" value="com.sun.org.apache.xerces.internal.jaxp.SAXParserImpl$JAXPSAXParser" />
    <property name="libs.javac-api.javadoc" value="" />
    <property name="os.name" value="Windows NT (unknown)" />
    <property name="libs.beans-binding.classpath" value="C:\Program Files\NetBeans 7.0\java\modules\ext\beansbinding-1.2.1.jar" />
    <property name="env.LOCALAPPDATA" value="C:\Users\Visural\AppData\Local" />
    <property name="env.TMP" value="C:\Users\Visural\AppData\Local\Temp" />
    <property name="private.properties.available" value="true" />
    <property name="libs.restapi.javadoc" value="C:\Users\Visural\.netbeans\7.0\docs\jsr311-api-1.1.1-javadoc.zip" />
    <property name="libs.JWSAntTasks.maven-pom" value="" />
    <property name="libs.restapi.classpath" value="C:\Users\Visural\.netbeans\7.0\modules\ext\rest\jsr311-api-1.1.1.jar" />
    <property name="profiler.info.javaPlatform" value="JDK_1.5" />
    <property name="profiler.settings.profilingpoints.enabled" value="true" />
    <property name="java.vendor.url.bug" value="http://java.sun.com/cgi-bin/bugreport.cgi" />
    <property name="profiler.settings.instr.scheme" value="3" />
    <property name="libs.jaxb.maven-pom" value="" />
    <property name="profiler.info.project.dir" value="C:\Users\Visural\Documents\NetBeansProjects\oss\visural-common\visural-common" />
    <property name="os.arch" value="x86" />
    <property name="libs.eclipselink.src" value="" />
    <property name="user.name" value="Visural" />
    <property name="libs.Comet-GlassFish-v3.javadoc" value="" />
    <property name="libs.yuicompressor.classpath" value="C:/Users/Visural/Documents/NetBeansProjects/oss/visural-common/visural-common/lib/yuicompressor/yuicompressor-2.4.2.jar" />
    <property name="libs.swing-layout.maven-pom" value="" />
    <property name="build.classes.dir" value="build/classes" />
    <property name="netbeans.accept_license_class" value="org.netbeans.license.AcceptLicense" />
    <property name="env.FP_NO_HOST_CHECK" value="NO" />
    <property name="libs.Java-EE-GlassFish-v3.wsjwsdp" value="" />
    <property name="build.sysclasspath" value="ignore" />
    <property name="env.ProgramFiles" value="C:\Program Files" />
    <property name="libs.jaxws21.javadoc" value="C:\Program Files\NetBeans 7.0\java\docs\jaxws-api-doc.zip" />
    <property name="includes" value="**" />
    <property name="env.OS" value="Windows_NT" />
    <property name="env.windir" value="C:\Windows" />
    <property name="user.country" value="AU" />
    <property name="libs.jstl11.javadoc" value="" />
    <property name="javadoc.encoding" value="UTF-8" />
    <property name="platform.home" value="C:\Dev\jdk1.5.0_05" />
    <property name="javac.classpath" value="C:/Users/Visural/Documents/NetBeansProjects/oss/visural-common/visural-common/lib/guice/aopalliance.jar;C:/Users/Visural/Documents/NetBeansProjects/oss/visural-common/visural-common/lib/guice/guice-2.0.jar;C:/Users/Visural/Documents/NetBeansProjects/oss/visural-common/visural-common/lib/guice/guice-assistedinject-2.0.jar;C:/Users/Visural/Documents/NetBeansProjects/oss/visural-common/visural-common/lib/guice/guice-jmx-2.0.jar;C:/Users/Visural/Documents/NetBeansProjects/oss/visural-common/visural-common/lib/guice/guice-jndi-2.0.jar;C:/Users/Visural/Documents/NetBeansProjects/oss/visural-common/visural-common/lib/guice/guice-multibindings-2.0.jar;C:/Users/Visural/Documents/NetBeansProjects/oss/visural-common/visural-common/lib/guice/guice-servlet-2.0.jar;C:/Users/Visural/Documents/NetBeansProjects/oss/visural-common/visural-common/lib/guice/guice-spring-2.0.jar;C:/Users/Visural/Documents/NetBeansProjects/oss/visural-common/visural-common/lib/guice/guice-struts2-plugin-2.0.jar;C:/Users/Visural/Documents/NetBeansProjects/oss/visural-common/visural-common/lib/guice/guice-throwingproviders-2.0.jar:C:/Users/Visural/Documents/NetBeansProjects/oss/visural-common/visural-common/lib/guava/guava-r05.jar:C:/Users/Visural/Documents/NetBeansProjects/oss/visural-common/visural-common/lib/rhino/js.jar:C:/Users/Visural/Documents/NetBeansProjects/oss/visural-common/visural-common/lib/javax.servlet/geronimo-servlet_2.5_spec-1.2.jar:C:/Users/Visural/Documents/NetBeansProjects/oss/visural-common/visural-common/lib/yuicompressor/yuicompressor-2.4.2.jar" />
    <property name="libs.jsp-compilation-syscp.src" value="" />
    <property name="env.PROCESSOR_ARCHITECTURE" value="x86" />
    <property name="platform.bootcp" value="C:\Dev\jdk1.5.0_05\jre\lib\rt.jar;C:\Dev\jdk1.5.0_05\jre\lib\i18n.jar;C:\Dev\jdk1.5.0_05\jre\lib\sunrsasign.jar;C:\Dev\jdk1.5.0_05\jre\lib\jsse.jar;C:\Dev\jdk1.5.0_05\jre\lib\jce.jar;C:\Dev\jdk1.5.0_05\jre\lib\charsets.jar;C:\Dev\jdk1.5.0_05\jre\classes;C:\Dev\jdk1.5.0_05\jre\lib\ext\dnsns.jar;C:\Dev\jdk1.5.0_05\jre\lib\ext\localedata.jar;C:\Dev\jdk1.5.0_05\jre\lib\ext\sunjce_provider.jar;C:\Dev\jdk1.5.0_05\jre\lib\ext\sunpkcs11.jar" />
    <property name="debug-transport" value="dt_shmem" />
    <property name="netbeans.home" value="C:\Program Files\NetBeans 7.0\platform" />
    <property name="build.compiler.emacs" value="true" />
    <property name="org.netbeans.lib.profiler.servletTracking" value="true" />
    <property name="libs.javaee-web-api-6.0.src" value="" />
    <property name="libs.ejb3-persistence.src" value="" />
    <property name="libs.Java-EE-GlassFish-v3.javadoc" value="" />
    <property name="libs.jsp-compilation-syscp.classpath" value="C:\Program Files\NetBeans 7.0\java\ant\lib\ant.jar;C:\Users\Visural\.netbeans\7.0\modules\ext\servlet3.0-jsp2.2-api.jar;C:\Users\Visural\.netbeans\7.0\modules\ext\glassfish-jspparser-3.0.jar;C:\Users\Visural\.netbeans\7.0\modules\ext\standard.jar" />
    <property name="java.endorsed.dirs" value="C:\Dev\jdk1.5.0_05\jre\lib\endorsed" />
    <property name="env.TEMP" value="C:\Users\Visural\AppData\Local\Temp" />
    <property name="libs.Comet-GlassFish-v3.maven-pom" value="" />
    <property name="netbeans.dynamic.classpath" value="C:\Program Files\NetBeans 7.0\platform\core\core.jar;C:\Program Files\NetBeans 7.0\platform\core\org-openide-filesystems.jar;C:\Program Files\NetBeans 7.0\platform\core\locale\core_ja.jar;C:\Program Files\NetBeans 7.0\platform\core\locale\core_pt_BR.jar;C:\Program Files\NetBeans 7.0\platform\core\locale\core_ru.jar;C:\Program Files\NetBeans 7.0\platform\core\locale\core_zh_CN.jar;C:\Program Files\NetBeans 7.0\platform\core\locale\org-openide-filesystems_ja.jar;C:\Program Files\NetBeans 7.0\platform\core\locale\org-openide-filesystems_pt_BR.jar;C:\Program Files\NetBeans 7.0\platform\core\locale\org-openide-filesystems_ru.jar;C:\Program Files\NetBeans 7.0\platform\core\locale\org-openide-filesystems_zh_CN.jar;C:\Program Files\NetBeans 7.0\nb\core\org-netbeans-upgrader.jar;C:\Program Files\NetBeans 7.0\nb\core\locale\core_nb.jar;C:\Program Files\NetBeans 7.0\nb\core\locale\core_nb_ja.jar;C:\Program Files\NetBeans 7.0\nb\core\locale\core_nb_pt_BR.jar;C:\Program Files\NetBeans 7.0\nb\core\locale\core_nb_ru.jar;C:\Program Files\NetBeans 7.0\nb\core\locale\core_nb_zh_CN.jar;C:\Program Files\NetBeans 7.0\nb\core\locale\org-netbeans-upgrader_ja.jar;C:\Program Files\NetBeans 7.0\nb\core\locale\org-netbeans-upgrader_pt_BR.jar;C:\Program Files\NetBeans 7.0\nb\core\locale\org-netbeans-upgrader_ru.jar;C:\Program Files\NetBeans 7.0\nb\core\locale\org-netbeans-upgrader_zh_CN.jar" />
    <property name="profiler.settings.instrumentation.filter.selectedprofiler.simple.filter.type" value="0" />
    <property name="java.vm.specification.version" value="1.0" />
    <property name="libs.javaee-api-6.0.classpath" value="C:\Users\Visural\.netbeans\7.0\modules\ext\javaee-api-6.0.jar" />
    <property name="libs.hibernate-persistence.classpath" value="C:\Program Files\NetBeans 7.0\java\modules\ext\hibernate\antlr-2.7.6.jar;C:\Program Files\NetBeans 7.0\java\modules\ext\hibernate\asm.jar;C:\Program Files\NetBeans 7.0\java\modules\ext\hibernate\asm-attrs.jar;C:\Program Files\NetBeans 7.0\java\modules\ext\hibernate\cglib-2.1.3.jar;C:\Program Files\NetBeans 7.0\java\modules\ext\hibernate\commons-collections-2.1.1.jar;C:\Program Files\NetBeans 7.0\ide\modules\ext\commons-logging-1.1.jar;C:\Program Files\NetBeans 7.0\java\modules\ext\hibernate\dom4j-1.6.1.jar;C:\Program Files\NetBeans 7.0\java\modules\ext\hibernate\ehcache-1.2.3.jar;C:\Program Files\NetBeans 7.0\java\modules\ext\hibernate\jdbc2_0-stdext.jar;C:\Program Files\NetBeans 7.0\java\modules\ext\hibernate\jta.jar;C:\Program Files\NetBeans 7.0\java\modules\ext\hibernate\hibernate3.jar;C:\Program Files\NetBeans 7.0\java\modules\ext\hibernate\hibernate-tools.jar;C:\Program Files\NetBeans 7.0\java\modules\ext\hibernate\hibernate-annotations.jar;C:\Program Files\NetBeans 7.0\java\modules\ext\hibernate\hibernate-commons-annotations.jar;C:\Program Files\NetBeans 7.0\java\modules\ext\hibernate\hibernate-entitymanager.jar;C:\Program Files\NetBeans 7.0\java\modules\ext\hibernate\javassist.jar;C:\Program Files\NetBeans 7.0\java\modules\ext\hibernate\ejb3-persistence.jar" />
    <property name="libs.jaxws21.src" value="" />
    <property name="application.title" value="visural-common" />
    <property name="do.archive" value="true" />
    <property name="libs.swing-app-framework.classpath" value="C:\Program Files\NetBeans 7.0\java\modules\ext\appframework-1.0.3.jar;C:\Program Files\NetBeans 7.0\java\modules\ext\swing-worker-1.1.jar" />
    <property name="netbeans.autoupdate.language" value="en" />
    <property name="profiler.settings.override.jvm.args" value="" />
    <property name="java.vendor" value="Sun Microsystems Inc." />
    <property name="libs.javaee-api-6.0.javadoc" value="" />
    <property name="jar.index.metainf" value="false" />
    <property name="javac.debug" value="true" />
    <property name="javadoc.splitindex" value="true" />
    <property name="file.separator" value="\" />
    <property name="javac.includesfile.binary" value="C:\Users\Visural\Documents\NetBeansProjects\oss\visural-common\visural-common\null1564411368" />
    <property name="libs.restlib_gfv3ee6.classpath" value="C:\Program Files\glassfish-3.0.1\glassfish\modules\jackson-core-asl.jar;C:\Program Files\glassfish-3.0.1\glassfish\modules\jersey-gf-bundle.jar;C:\Program Files\glassfish-3.0.1\glassfish\modules\jersey-multipart.jar;C:\Program Files\glassfish-3.0.1\glassfish\modules\jettison.jar;C:\Program Files\glassfish-3.0.1\glassfish\modules\mimepull.jar;C:\Program Files\glassfish-3.0.1\glassfish\modules\jsr311-api.jar" />
    <property name="libs.junit_4.maven-pom" value="" />
    <property name="javac.test.processorpath" value="C:/Users/Visural/Documents/NetBeansProjects/oss/visural-common/visural-common/lib/guice/aopalliance.jar;C:/Users/Visural/Documents/NetBeansProjects/oss/visural-common/visural-common/lib/guice/guice-2.0.jar;C:/Users/Visural/Documents/NetBeansProjects/oss/visural-common/visural-common/lib/guice/guice-assistedinject-2.0.jar;C:/Users/Visural/Documents/NetBeansProjects/oss/visural-common/visural-common/lib/guice/guice-jmx-2.0.jar;C:/Users/Visural/Documents/NetBeansProjects/oss/visural-common/visural-common/lib/guice/guice-jndi-2.0.jar;C:/Users/Visural/Documents/NetBeansProjects/oss/visural-common/visural-common/lib/guice/guice-multibindings-2.0.jar;C:/Users/Visural/Documents/NetBeansProjects/oss/visural-common/visural-common/lib/guice/guice-servlet-2.0.jar;C:/Users/Visural/Documents/NetBeansProjects/oss/visural-common/visural-common/lib/guice/guice-spring-2.0.jar;C:/Users/Visural/Documents/NetBeansProjects/oss/visural-common/visural-common/lib/guice/guice-struts2-plugin-2.0.jar;C:/Users/Visural/Documents/NetBeansProjects/oss/visural-common/visural-common/lib/guice/guice-throwingproviders-2.0.jar:C:/Users/Visural/Documents/NetBeansProjects/oss/visural-common/visural-common/lib/guava/guava-r05.jar:C:/Users/Visural/Documents/NetBeansProjects/oss/visural-common/visural-common/lib/rhino/js.jar:C:/Users/Visural/Documents/NetBeansProjects/oss/visural-common/visural-common/lib/javax.servlet/geronimo-servlet_2.5_spec-1.2.jar:C:/Users/Visural/Documents/NetBeansProjects/oss/visural-common/visural-common/lib/yuicompressor/yuicompressor-2.4.2.jar:build/classes:C:/Users/Visural/Documents/NetBeansProjects/oss/visural-common/visural-common/lib/junit/junit-3.8.2.jar:C:/Users/Visural/Documents/NetBeansProjects/oss/visural-common/visural-common/lib/junit_4/junit-4.5.jar" />
    <property name="netbeans.buildnumber" value="201104080000" />
    <property name="libs.JWSAntTasks.javadoc" value="" />
    <property name="build.generated.sources.dir" value="build/generated-sources" />
    <property name="user.variant" value="" />
    <property name="libs.eclipselinkmodelgen.classpath" value="C:\Program Files\NetBeans 7.0\java\modules\ext\eclipselink\eclipselink-jpa-modelgen-2.2.0.jar" />
    <property name="libs.Java-EE-GlassFish-v3.wscompile" value="" />
    <property name="libs.junit.classpath" value="C:/Users/Visural/Documents/NetBeansProjects/oss/visural-common/visural-common/lib/junit/junit-3.8.2.jar" />
    <property name="profiler.settings.obj.alloc.stack.sampling.interval" value="10" />
    <property name="libs.jaxb.javadoc" value="C:\Program Files\NetBeans 7.0\ide\docs\jaxb-api-doc.zip" />
    <property name="libs.struts.classpath" value="C:\Users\Visural\.netbeans\7.0\modules\ext\struts\antlr-2.7.2.jar;C:\Users\Visural\.netbeans\7.0\modules\ext\struts\bsf-2.3.0.jar;C:\Users\Visural\.netbeans\7.0\modules\ext\struts\commons-beanutils-1.7.0.jar;C:\Users\Visural\.netbeans\7.0\modules\ext\struts\commons-chain-1.1.jar;C:\Users\Visural\.netbeans\7.0\modules\ext\struts\commons-digester-1.8.jar;C:\Users\Visural\.netbeans\7.0\modules\ext\struts\commons-fileupload-1.1.1.jar;C:\Users\Visural\.netbeans\7.0\modules\ext\struts\commons-io-1.1.jar;C:\Users\Visural\.netbeans\7.0\modules\ext\struts\commons-logging-1.0.4.jar;C:\Users\Visural\.netbeans\7.0\modules\ext\struts\commons-validator-1.3.1.jar;C:\Users\Visural\.netbeans\7.0\modules\ext\struts\jstl-1.0.2.jar;C:\Users\Visural\.netbeans\7.0\modules\ext\struts\oro-2.0.8.jar;C:\Users\Visural\.netbeans\7.0\modules\ext\struts\standard-1.0.2.jar;C:\Users\Visural\.netbeans\7.0\modules\ext\struts\struts-core-1.3.8.jar;C:\Users\Visural\.netbeans\7.0\modules\ext\struts\struts-el-1.3.8.jar;C:\Users\Visural\.netbeans\7.0\modules\ext\struts\struts-extras-1.3.8.jar;C:\Users\Visural\.netbeans\7.0\modules\ext\struts\struts-faces-1.3.8.jar;C:\Users\Visural\.netbeans\7.0\modules\ext\struts\struts-mailreader-dao-1.3.8.jar;C:\Users\Visural\.netbeans\7.0\modules\ext\struts\struts-scripting-1.3.8.jar;C:\Users\Visural\.netbeans\7.0\modules\ext\struts\struts-taglib-1.3.8.jar;C:\Users\Visural\.netbeans\7.0\modules\ext\struts\struts-tiles-1.3.8.jar" />
    <property name="profiler.settings.cpu.quick.filterprofiler.filter.type" value="profiler.simple.filter" />
    <property name="org.openide.awt.SwingBrowserImpl.do-not-block-awt" value="false" />
    <property name="javac.includes.binary" value="C:\Users\Visural\Documents\NetBeansProjects\oss\visural-common\visural-common\build\test\classes\com\visural\common\cache\CachePerformanceTest.class" />
    <property name="ant.home" value="C:\Program Files\NetBeans 7.0\java\ant" />
    <property name="libs.junit_4.src" value="C:/Users/Visural/Documents/NetBeansProjects/oss/visural-common/visural-common/lib/junit_4/junit-4.5-src.jar" />
    <property name="libs.absolutelayout.maven-pom" value="" />
    <property name="ant.java.version" value="1.6" />
    <property name="java.library.path" value="C:\Dev\jdk1.5.0_05\bin;.;C:\Windows\system32;C:\Windows;C:\Windows\system32;C:\Windows;C:\Windows\System32\Wbem;C:\Windows\System32\WindowsPowerShell\v1.0\;C:\Program Files\Common Files\Adobe\AGL;C:\Program Files\TortoiseSVN\bin" />
    <property name="javadoc.author" value="false" />
    <property name="libs.metro.maven-pom" value="" />
    <property name="profiler.settings.run.gc.on.get.results.in.memory.profiling" value="true" />
    <property name="manifest.available+main.class-mkdist.available" value="true" />
    <property name="libs.EclipseLink-GlassFish-v3.src" value="" />
    <property name="java.util.logging.config.class" value="org.netbeans.core.startup.TopLogging" />
    <property name="profiler.settings.instrumentation.filter.selectedprofiler.simple.filter.value" value="" />
    <property name="libs.PostgreSQLDriver.src" value="" />
    <property name="sun.arch.data.model" value="32" />
    <property name="profiler.session.jvm.args" value="" />
    <property name="basedir" value="C:\Users\Visural\Documents\NetBeansProjects\oss\visural-common\visural-common" />
    <property name="jar.compress" value="false" />
    <property name="libs.jstl11.classpath" value="C:\Users\Visural\.netbeans\7.0\modules\ext\standard.jar;C:\Users\Visural\.netbeans\7.0\modules\ext\jstl.jar" />
    <property name="path.separator" value=";" />
    <property name="env.USERDOMAIN" value="Visural-PC" />
    <property name="libs.javaee-web-api-6.0.javadoc" value="" />
    <property name="ant.junit.enabletestlistenerevents" value="true" />
    <property name="platform.javac" value="C:\Dev\jdk1.5.0_05/bin/javac" />
    <property name="sun.io.unicode.encoding" value="UnicodeLittle" />
    <property name="libs.jaxws21.classpath" value="C:\Program Files\NetBeans 7.0\ide\modules\ext\jaxb\jaxb-impl.jar;C:\Program Files\NetBeans 7.0\ide\modules\ext\jaxb\jaxb-xjc.jar;C:\Program Files\NetBeans 7.0\java\modules\ext\jaxws22\FastInfoset.jar;C:\Program Files\NetBeans 7.0\java\modules\ext\jaxws22\gmbal-api-only.jar;C:\Program Files\NetBeans 7.0\java\modules\ext\jaxws22\http.jar;C:\Program Files\NetBeans 7.0\java\modules\ext\jaxws22\jaxws-rt.jar;C:\Program Files\NetBeans 7.0\java\modules\ext\jaxws22\jaxws-tools.jar;C:\Program Files\NetBeans 7.0\java\modules\ext\jaxws22\management-api.jar;C:\Program Files\NetBeans 7.0\java\modules\ext\jaxws22\mimepull.jar;C:\Program Files\NetBeans 7.0\java\modules\ext\jaxws22\policy.jar;C:\Program Files\NetBeans 7.0\java\modules\ext\jaxws22\saaj-impl.jar;C:\Program Files\NetBeans 7.0\java\modules\ext\jaxws22\stax-ex.jar;C:\Program Files\NetBeans 7.0\java\modules\ext\jaxws22\streambuffer.jar;C:\Program Files\NetBeans 7.0\java\modules\ext\jaxws22\woodstox.jar;C:\Program Files\NetBeans 7.0\java\modules\ext\jaxws22\api\jaxws-api.jar;C:\Program Files\NetBeans 7.0\java\modules\ext\jaxws22\api\jsr181-api.jar;C:\Program Files\NetBeans 7.0\java\modules\ext\jaxws22\api\jsr250-api.jar;C:\Program Files\NetBeans 7.0\java\modules\ext\jaxws22\api\saaj-api.jar;C:\Program Files\NetBeans 7.0\ide\modules\ext\jaxb\activation.jar;C:\Program Files\NetBeans 7.0\ide\modules\ext\jaxb\api\jaxb-api.jar;C:\Program Files\NetBeans 7.0\ide\modules\ext\jaxb\api\jsr173_api.jar" />
    <property name="libs.javax.servlet.classpath" value="C:/Users/Visural/Documents/NetBeansProjects/oss/visural-common/visural-common/lib/javax.servlet/geronimo-servlet_2.5_spec-1.2.jar" />
    <property name="env.SystemDrive" value="C:" />
    <property name="libs.struts.src" value="" />
    <property name="compile.on.save" value="false" />
    <property name="apple.awt.graphics.UseQuartz" value="true" />
    <property name="user.language" value="en" />
    <property name="libs.spring-framework.classpath" value="C:\Program Files\NetBeans 7.0\ide\modules\ext\commons-logging-1.1.jar;C:\Program Files\NetBeans 7.0\java\modules\ext\cglib-2.2.jar;C:\Program Files\NetBeans 7.0\java\modules\ext\spring\spring-2.5.6.SEC01.jar" />
    <property name="profiler.settings.instrumentation.filter.selectedprofiler.filter.type" value="profiler.simple.filter" />
    <property name="libs.eclipselink.maven-pom" value="" />
    <property name="application.vendor" value="Richard Nichols" />
    <property name="profiler.settings.thread.cpu.timer.on" value="false" />
    <property name="env.CommonProgramFiles" value="C:\Program Files\Common Files" />
    <property name="libs.spring-framework300.maven-pom" value="" />
    <property name="run.test.classpath" value="C:/Users/Visural/Documents/NetBeansProjects/oss/visural-common/visural-common/lib/guice/aopalliance.jar;C:/Users/Visural/Documents/NetBeansProjects/oss/visural-common/visural-common/lib/guice/guice-2.0.jar;C:/Users/Visural/Documents/NetBeansProjects/oss/visural-common/visural-common/lib/guice/guice-assistedinject-2.0.jar;C:/Users/Visural/Documents/NetBeansProjects/oss/visural-common/visural-common/lib/guice/guice-jmx-2.0.jar;C:/Users/Visural/Documents/NetBeansProjects/oss/visural-common/visural-common/lib/guice/guice-jndi-2.0.jar;C:/Users/Visural/Documents/NetBeansProjects/oss/visural-common/visural-common/lib/guice/guice-multibindings-2.0.jar;C:/Users/Visural/Documents/NetBeansProjects/oss/visural-common/visural-common/lib/guice/guice-servlet-2.0.jar;C:/Users/Visural/Documents/NetBeansProjects/oss/visural-common/visural-common/lib/guice/guice-spring-2.0.jar;C:/Users/Visural/Documents/NetBeansProjects/oss/visural-common/visural-common/lib/guice/guice-struts2-plugin-2.0.jar;C:/Users/Visural/Documents/NetBeansProjects/oss/visural-common/visural-common/lib/guice/guice-throwingproviders-2.0.jar:C:/Users/Visural/Documents/NetBeansProjects/oss/visural-common/visural-common/lib/guava/guava-r05.jar:C:/Users/Visural/Documents/NetBeansProjects/oss/visural-common/visural-common/lib/rhino/js.jar:C:/Users/Visural/Documents/NetBeansProjects/oss/visural-common/visural-common/lib/javax.servlet/geronimo-servlet_2.5_spec-1.2.jar:C:/Users/Visural/Documents/NetBeansProjects/oss/visural-common/visural-common/lib/yuicompressor/yuicompressor-2.4.2.jar:build/classes:C:/Users/Visural/Documents/NetBeansProjects/oss/visural-common/visural-common/lib/junit/junit-3.8.2.jar:C:/Users/Visural/Documents/NetBeansProjects/oss/visural-common/visural-common/lib/junit_4/junit-4.5.jar:build/test/classes" />
    <property name="ant.project.invoked-targets" value="profile-test-single" />
    <property name="useJavaUtilZip" value="true" />
    <property name="libs.swing-layout.javadoc" value="C:\Program Files\NetBeans 7.0\platform\docs\swing-layout-1.0.4-doc.zip" />
    <property name="libs.swing-app-framework.javadoc" value="C:\Program Files\NetBeans 7.0\java\docs\appframework-1.0.3-doc.zip" />
    <property name="libs.ejb3-persistence.maven-pom" value="" />
    <property name="libs.PostgreSQLDriver.maven-pom" value="" />
    <property name="java.class.version" value="49.0" />
    <property name="platforms.JDK_1.5.home" value="C:\Dev\jdk1.5.0_05" />
    <property name="libs.javaee-endorsed-api-6.0.src" value="" />
    <property name="profiler.settings.instrumentation.root.methods.size" value="1" />
    <property name="netbeans.system_http_proxy" value="DIRECT" />
    <property name="libs.eclipselink.javadoc" value="" />
    <property name="libs.jsp-compilation.maven-pom" value="" />
    <property name="user.properties.file" value="C:\Users\Visural\.netbeans\7.0\build.properties" />
    <property name="profiler.settings.instrumentation.marker.methods.size" value="0" />
    <property name="runtime.encoding" value="UTF-8" />
    <property name="profiler.settings.istrumentation.root.methods-0" value="com.visural.common.cache.CachePerformanceTest,&lt;all&gt;," />
    <property name="project.version" value="trunk" />
    <property name="libs.spring-framework.src" value="" />
    <property name="libs.javac-api.maven-pom" value="" />
    <property name="file.encoding.pkg" value="sun.io" />
    <property name="sun.cpu.endian" value="little" />
    <property name="env.COMPUTERNAME" value="VISURAL-PC" />
    <property name="libs.JWSAntTasks.classpath" value="C:\Program Files\NetBeans 7.0\java\ant\extra\org-netbeans-modules-javawebstart-anttasks.jar" />
    <property name="env.LOGONSERVER" value="\\VISURAL-PC" />
    <property name="libs.spring-framework300.src" value="" />
    <property name="empty.dir" value="C:\Users\Visural\Documents\NetBeansProjects\oss\visural-common\visural-common\build\empty" />
    <property name="version-output" value="java version &quot;1.5.0_05&quot;&#xd;&#xa;Java(TM) 2 Runtime Environment, Standard Edition (build 1.5.0_05-b05)&#xd;&#xa;Java HotSpot(TM) Client VM (build 1.5.0_05-b05, mixed mode)" />
    <property name="javadoc.preview" value="true" />
    <property name="java.home" value="C:\Dev\jdk1.5.0_05\jre" />
    <property name="libs.jsp-compilation.src" value="" />
    <property name="debug.test.classpath" value="C:/Users/Visural/Documents/NetBeansProjects/oss/visural-common/visural-common/lib/guice/aopalliance.jar;C:/Users/Visural/Documents/NetBeansProjects/oss/visural-common/visural-common/lib/guice/guice-2.0.jar;C:/Users/Visural/Documents/NetBeansProjects/oss/visural-common/visural-common/lib/guice/guice-assistedinject-2.0.jar;C:/Users/Visural/Documents/NetBeansProjects/oss/visural-common/visural-common/lib/guice/guice-jmx-2.0.jar;C:/Users/Visural/Documents/NetBeansProjects/oss/visural-common/visural-common/lib/guice/guice-jndi-2.0.jar;C:/Users/Visural/Documents/NetBeansProjects/oss/visural-common/visural-common/lib/guice/guice-multibindings-2.0.jar;C:/Users/Visural/Documents/NetBeansProjects/oss/visural-common/visural-common/lib/guice/guice-servlet-2.0.jar;C:/Users/Visural/Documents/NetBeansProjects/oss/visural-common/visural-common/lib/guice/guice-spring-2.0.jar;C:/Users/Visural/Documents/NetBeansProjects/oss/visural-common/visural-common/lib/guice/guice-struts2-plugin-2.0.jar;C:/Users/Visural/Documents/NetBeansProjects/oss/visural-common/visural-common/lib/guice/guice-throwingproviders-2.0.jar:C:/Users/Visural/Documents/NetBeansProjects/oss/visural-common/visural-common/lib/guava/guava-r05.jar:C:/Users/Visural/Documents/NetBeansProjects/oss/visural-common/visural-common/lib/rhino/js.jar:C:/Users/Visural/Documents/NetBeansProjects/oss/visural-common/visural-common/lib/javax.servlet/geronimo-servlet_2.5_spec-1.2.jar:C:/Users/Visural/Documents/NetBeansProjects/oss/visural-common/visural-common/lib/yuicompressor/yuicompressor-2.4.2.jar:build/classes:C:/Users/Visural/Documents/NetBeansProjects/oss/visural-common/visural-common/lib/junit/junit-3.8.2.jar:C:/Users/Visural/Documents/NetBeansProjects/oss/visural-common/visural-common/lib/junit_4/junit-4.5.jar:build/test/classes" />
    <property name="libs.javaee-endorsed-api-6.0.classpath" value="C:\Users\Visural\.netbeans\7.0\modules\ext\javaee6-endorsed\javax.annotation.jar;C:\Users\Visural\.netbeans\7.0\modules\ext\javaee6-endorsed\jaxb-api-osgi.jar;C:\Users\Visural\.netbeans\7.0\modules\ext\javaee6-endorsed\webservices-api-osgi.jar" />
    <property name="libs.javaee-api-6.0.src" value="" />
    <property name="netbeans.importclass" value="org.netbeans.upgrade.AutoUpgrade" />
    <property name="ant.project.default-target" value="default" />
    <property name="annotation.processing.run.all.processors" value="true" />
    <property name="env.ProgramData" value="C:\ProgramData" />
    <property name="libs.toplink.maven-pom" value="" />
    <property name="libs.PostgreSQLDriver.javadoc" value="" />
    <property name="libs.restlib.classpath" value="C:\Users\Visural\.netbeans\7.0\modules\ext\rest\asm-3.1.jar;C:\Users\Visural\.netbeans\7.0\modules\ext\rest\jackson-core-asl-1.1.1.jar;C:\Users\Visural\.netbeans\7.0\modules\ext\rest\jersey-client-1.3.jar;C:\Users\Visural\.netbeans\7.0\modules\ext\rest\jersey-core-1.3.jar;C:\Users\Visural\.netbeans\7.0\modules\ext\rest\jersey-json-1.3.jar;C:\Users\Visural\.netbeans\7.0\modules\ext\rest\jersey-multipart-1.3.jar;C:\Users\Visural\.netbeans\7.0\modules\ext\rest\jersey-server-1.3.jar;C:\Users\Visural\.netbeans\7.0\modules\ext\rest\jersey-spring-1.3.jar;C:\Users\Visural\.netbeans\7.0\modules\ext\rest\jettison-1.1.jar;C:\Users\Visural\.netbeans\7.0\modules\ext\rest\mimepull-1.4.jar;C:\Users\Visural\.netbeans\7.0\modules\ext\rest\oauth-client-1.3.jar;C:\Users\Visural\.netbeans\7.0\modules\ext\rest\oauth-signature-1.3.jar;C:\Program Files\NetBeans 7.0\ide\modules\ext\jaxb\activation.jar;C:\Program Files\NetBeans 7.0\ide\modules\ext\jaxb\api\jaxb-api.jar;C:\Program Files\NetBeans 7.0\ide\modules\ext\jaxb\api\jsr173_api.jar" />
    <property name="profiler.settings.instrumentation.filter.selectedprofiler.simple.filter.name" value="Profile all classes" />
    <property name="libs.MySQLDriver.maven-pom" value="" />
    <property name="libraries.dir.nativedirsep" value="C:\Users\Visural\Documents\NetBeansProjects\oss\visural-common\visural-common\lib" />
    <property name="libs.junit_4.javadoc" value="C:/Users/Visural/Documents/NetBeansProjects/oss/visural-common/visural-common/lib/junit_4/junit-4.5-api.zip" />
    <property name="env.NUMBER_OF_PROCESSORS" value="2" />
    <property name="libs.toplink.src" value="" />
    <property name="libs.EclipseLink-GlassFish-v3.maven-pom" value="" />
    <property name="libs.javaee-web-api-6.0.maven-pom" value="" />
    <property name="profiler.settigns.ispreset" value="true" />
    <property name="profile.class" value="com.visural.common.cache.CachePerformanceTest" />
    <property name="run.classpath" value="C:/Users/Visural/Documents/NetBeansProjects/oss/visural-common/visural-common/lib/guice/aopalliance.jar;C:/Users/Visural/Documents/NetBeansProjects/oss/visural-common/visural-common/lib/guice/guice-2.0.jar;C:/Users/Visural/Documents/NetBeansProjects/oss/visural-common/visural-common/lib/guice/guice-assistedinject-2.0.jar;C:/Users/Visural/Documents/NetBeansProjects/oss/visural-common/visural-common/lib/guice/guice-jmx-2.0.jar;C:/Users/Visural/Documents/NetBeansProjects/oss/visural-common/visural-common/lib/guice/guice-jndi-2.0.jar;C:/Users/Visural/Documents/NetBeansProjects/oss/visural-common/visural-common/lib/guice/guice-multibindings-2.0.jar;C:/Users/Visural/Documents/NetBeansProjects/oss/visural-common/visural-common/lib/guice/guice-servlet-2.0.jar;C:/Users/Visural/Documents/NetBeansProjects/oss/visural-common/visural-common/lib/guice/guice-spring-2.0.jar;C:/Users/Visural/Documents/NetBeansProjects/oss/visural-common/visural-common/lib/guice/guice-struts2-plugin-2.0.jar;C:/Users/Visural/Documents/NetBeansProjects/oss/visural-common/visural-common/lib/guice/guice-throwingproviders-2.0.jar:C:/Users/Visural/Documents/NetBeansProjects/oss/visural-common/visural-common/lib/guava/guava-r05.jar:C:/Users/Visural/Documents/NetBeansProjects/oss/visural-common/visural-common/lib/rhino/js.jar:C:/Users/Visural/Documents/NetBeansProjects/oss/visural-common/visural-common/lib/javax.servlet/geronimo-servlet_2.5_spec-1.2.jar:C:/Users/Visural/Documents/NetBeansProjects/oss/visural-common/visural-common/lib/yuicompressor/yuicompressor-2.4.2.jar:build/classes" />
    <property name="libs.hibernate-support.src" value="" />
    <property name="libs.javaee-endorsed-api-6.0.javadoc" value="" />
    <property name="profiler.settings.cpu.exclude.wait.time" value="true" />
    <property name="profiler.settings.override" value="false" />
    <property name="annotation.processing.enabled.in.editor" value="false" />
    <property name="profiler.settings.cpu.quick.filterprofiler.simple.filter.type" value="1" />
    <property name="profiler.session.args" value="D:\Dev\Software\Web\omd\OnMyDoorstep\src\java\com\visural\onmydoorstep\pages\resources\pinvoke\icons.css D:\Dev\Software\Web\omd\OnMyDoorstep\src\java\com\visural\onmydoorstep\pages\resources\pinvoke\icons-mhtml.css icons-mhtml.css" />
    <property name="libs.restapi.src" value="" />
    <property name="sun.management.compiler" value="HotSpot Client Compiler" />
    <property name="javac.deprecation" value="false" />
    <property name="javadoc.use" value="true" />
    <property name="sun.java2d.noddraw" value="true" />
    <property name="libs.jsp-compiler.classpath" value="C:\Users\Visural\.netbeans\7.0\ant\extra\jspcompile.jar" />
    <property name="javac.processorpath" value="C:/Users/Visural/Documents/NetBeansProjects/oss/visural-common/visural-common/lib/guice/aopalliance.jar;C:/Users/Visural/Documents/NetBeansProjects/oss/visural-common/visural-common/lib/guice/guice-2.0.jar;C:/Users/Visural/Documents/NetBeansProjects/oss/visural-common/visural-common/lib/guice/guice-assistedinject-2.0.jar;C:/Users/Visural/Documents/NetBeansProjects/oss/visural-common/visural-common/lib/guice/guice-jmx-2.0.jar;C:/Users/Visural/Documents/NetBeansProjects/oss/visural-common/visural-common/lib/guice/guice-jndi-2.0.jar;C:/Users/Visural/Documents/NetBeansProjects/oss/visural-common/visural-common/lib/guice/guice-multibindings-2.0.jar;C:/Users/Visural/Documents/NetBeansProjects/oss/visural-common/visural-common/lib/guice/guice-servlet-2.0.jar;C:/Users/Visural/Documents/NetBeansProjects/oss/visural-common/visural-common/lib/guice/guice-spring-2.0.jar;C:/Users/Visural/Documents/NetBeansProjects/oss/visural-common/visural-common/lib/guice/guice-struts2-plugin-2.0.jar;C:/Users/Visural/Documents/NetBeansProjects/oss/visural-common/visural-common/lib/guice/guice-throwingproviders-2.0.jar:C:/Users/Visural/Documents/NetBeansProjects/oss/visural-common/visural-common/lib/guava/guava-r05.jar:C:/Users/Visural/Documents/NetBeansProjects/oss/visural-common/visural-common/lib/rhino/js.jar:C:/Users/Visural/Documents/NetBeansProjects/oss/visural-common/visural-common/lib/javax.servlet/geronimo-servlet_2.5_spec-1.2.jar:C:/Users/Visural/Documents/NetBeansProjects/oss/visural-common/visural-common/lib/yuicompressor/yuicompressor-2.4.2.jar" />
    <property name="javac.compilerargs" value="" />
    <property name="ant.file" value="C:\Users\Visural\Documents\NetBeansProjects\oss\visural-common\visural-common\build.xml" />
    <property name="env.PUBLIC" value="C:\Users\Public" />
    <property name="libs.beans-binding.maven-pom" value="" />
    <property name="sun.awt.exception.handler" value="org.netbeans.core.startup.TopLogging$AWTHandler" />
    <property name="libs.restapi.maven-pom" value="" />
    <property name="ant.file.visural-common" value="C:\Users\Visural\Documents\NetBeansProjects\oss\visural-common\visural-common\build.xml" />
    <property name="libs.beans-binding.src" value="" />
    <property name="java.vm.specification.vendor" value="Sun Microsystems Inc." />
    <property name="libs.swing-layout.src" value="C:\Program Files\NetBeans 7.0\platform\docs\swing-layout-1.0.4-src.zip" />
    <property name="libs.Java-EE-GlassFish-v3.embedabbleejb" value="" />
    <property name="org.openide.major.version" value="IDE/1" />
    <property name="java.vm.name" value="Java HotSpot(TM) Client VM" />
    <property name="netbeans.user" value="C:\Users\Visural\.netbeans\7.0" />
    <property name="javadoc.additionalparam" value="" />
    <property name="profiler.session.java.architecture" value="32" />
    <property name="java.io.tmpdir" value="C:\Users\Visural\AppData\Local\Temp\" />
    <property name="java.vendor.url" value="http://java.sun.com/" />
    <property name="endorsed.classpath.cmd.line.arg" value="" />
    <property name="libraries.basename" value="nblibraries" />
    <property name="profiler.settings.instrument.spawned.threads" value="false" />
    <property name="libs.jsp-compiler.src" value="" />
    <property name="sun.boot.library.path" value="C:\Dev\jdk1.5.0_05\jre\bin" />
    <property name="have.sources" value="true" />
    <property name="debug.classpath" value="C:/Users/Visural/Documents/NetBeansProjects/oss/visural-common/visural-common/lib/guice/aopalliance.jar;C:/Users/Visural/Documents/NetBeansProjects/oss/visural-common/visural-common/lib/guice/guice-2.0.jar;C:/Users/Visural/Documents/NetBeansProjects/oss/visural-common/visural-common/lib/guice/guice-assistedinject-2.0.jar;C:/Users/Visural/Documents/NetBeansProjects/oss/visural-common/visural-common/lib/guice/guice-jmx-2.0.jar;C:/Users/Visural/Documents/NetBeansProjects/oss/visural-common/visural-common/lib/guice/guice-jndi-2.0.jar;C:/Users/Visural/Documents/NetBeansProjects/oss/visural-common/visural-common/lib/guice/guice-multibindings-2.0.jar;C:/Users/Visural/Documents/NetBeansProjects/oss/visural-common/visural-common/lib/guice/guice-servlet-2.0.jar;C:/Users/Visural/Documents/NetBeansProjects/oss/visural-common/visural-common/lib/guice/guice-spring-2.0.jar;C:/Users/Visural/Documents/NetBeansProjects/oss/visural-common/visural-common/lib/guice/guice-struts2-plugin-2.0.jar;C:/Users/Visural/Documents/NetBeansProjects/oss/visural-common/visural-common/lib/guice/guice-throwingproviders-2.0.jar:C:/Users/Visural/Documents/NetBeansProjects/oss/visural-common/visural-common/lib/guava/guava-r05.jar:C:/Users/Visural/Documents/NetBeansProjects/oss/visural-common/visural-common/lib/rhino/js.jar:C:/Users/Visural/Documents/NetBeansProjects/oss/visural-common/visural-common/lib/javax.servlet/geronimo-servlet_2.5_spec-1.2.jar:C:/Users/Visural/Documents/NetBeansProjects/oss/visural-common/visural-common/lib/yuicompressor/yuicompressor-2.4.2.jar:build/classes" />
    <property name="javadoc.private" value="false" />
    <property name="test.src.dir" value="test" />
    <property name="meta.inf.dir" value="src/META-INF" />
    <property name="env.SESSIONNAME" value="Console" />
    <property name="javadoc.encoding.used" value="UTF-8" />
    <property name="libs.guava.classpath" value="C:/Users/Visural/Documents/NetBeansProjects/oss/visural-common/visural-common/lib/guava/guava-r05.jar" />
    <property name="dist.jar" value="dist/visural-common-trunk.jar" />
    <property name="profiler.settings.code.region.cpu.res.buf.size" value="1000" />
    <property name="java.runtime.name" value="Java(TM) 2 Runtime Environment, Standard Edition" />
    <property name="profiler.info.jvmargs" value="" />
    <property name="ant.project.name" value="visural-common" />
    <property name="netbeans.hash.code" value="unique=NB_JAVA03efb6b70-e113-4cf6-944d-224b2b257a94_f7677b26-54d4-47a1-8d7f-f80cf2589669" />
    <property name="env.ComSpec" value="C:\Windows\system32\cmd.exe" />
    <property name="libs.jsp-compilation-syscp.maven-pom" value="" />
    <property name="platform.javadoc" value="C:\Dev\jdk1.5.0_05/bin/javadoc" />
    <property name="platform.javadoc.tmp" value="${platforms.JDK_1.5.javadoc}" />
    <property name="manifest.available-mkdist.available" value="true" />
    <property name="sun.cpu.isalist" value="pentium_pro+mmx pentium_pro pentium+mmx pentium i486 i386 i86" />
    <property name="libs.CopyLibs.javadoc" value="" />
    <property name="platform.compiler" value="${platforms.JDK_1.5.compile}" />
    <property name="profiler.settings.n.profiled.threads.limit" value="32" />
    <property name="org.openide.specification.version" value="6.2" />
    <property name="env.ALLUSERSPROFILE" value="C:\ProgramData" />
    <property name="libs.hibernate-support.classpath" value="C:\Program Files\NetBeans 7.0\java\modules\ext\hibernate\antlr-2.7.6.jar;C:\Program Files\NetBeans 7.0\java\modules\ext\hibernate\asm.jar;C:\Program Files\NetBeans 7.0\java\modules\ext\hibernate\asm-attrs.jar;C:\Program Files\NetBeans 7.0\java\modules\ext\hibernate\cglib-2.1.3.jar;C:\Program Files\NetBeans 7.0\java\modules\ext\hibernate\commons-collections-2.1.1.jar;C:\Program Files\NetBeans 7.0\ide\modules\ext\commons-logging-1.1.jar;C:\Program Files\NetBeans 7.0\java\modules\ext\hibernate\dom4j-1.6.1.jar;C:\Program Files\NetBeans 7.0\java\modules\ext\hibernate\ehcache-1.2.3.jar;C:\Program Files\NetBeans 7.0\java\modules\ext\hibernate\jdbc2_0-stdext.jar;C:\Program Files\NetBeans 7.0\java\modules\ext\hibernate\jta.jar;C:\Program Files\NetBeans 7.0\java\modules\ext\hibernate\hibernate3.jar;C:\Program Files\NetBeans 7.0\java\modules\ext\hibernate\hibernate-tools.jar;C:\Program Files\NetBeans 7.0\java\modules\ext\hibernate\hibernate-annotations.jar;C:\Program Files\NetBeans 7.0\java\modules\ext\hibernate\hibernate-commons-annotations.jar;C:\Program Files\NetBeans 7.0\java\modules\ext\hibernate\hibernate-entitymanager.jar;C:\Program Files\NetBeans 7.0\java\modules\ext\hibernate\javassist.jar" />
    <property name="ant.file.visural-common-impl" value="C:\Users\Visural\Documents\NetBeansProjects\oss\visural-common\visural-common\nbproject\build-impl.xml" />
    <property name="user.home" value="C:\Users\Visural" />
    <property name="env.JAVA_HOME" value="C:\Program Files\Java\jdk1.6.0_16" />
    <property name="annotation.processing.processors.list" value="" />
    <property name="debug-args-line" value="-Xdebug" />
    <property name="libs.javaee-api-6.0.maven-pom" value="" />
    <property name="libs.JWSAntTasks.src" value="" />
    <property name="platform.javac.tmp" value="${platforms.JDK_1.5.javac}" />
    <property name="libs.CopyLibs.maven-pom" value="" />
    <property name="jar.index" value="false" />
    <property name="libs.absolutelayout.javadoc" value="" />
    <property name="libs.hibernate-persistence.maven-pom" value="" />
    <property name="libs.spring-framework300.javadoc" value="" />
    <property name="java.specification.name" value="Java Platform API Specification" />
    <property name="env.PROCESSOR_REVISION" value="1706" />
    <property name="libs.swing-app-framework.maven-pom" value="" />
    <property name="do.archive+main.class.available" value="true" />
    <property name="profiler.settings.threads.monitoring.enabled" value="false" />
    <property name="libraries.dir" value="C:/Users/Visural/Documents/NetBeansProjects/oss/visural-common/visural-common/lib" />
    <property name="java.specification.vendor" value="Sun Microsystems Inc." />
    <property name="libs.javac-api.classpath" value="C:\Program Files\NetBeans 7.0\java\modules\ext\javac-api-nb-7.0-b07.jar" />
    <property name="java.version" value="1.5.0_05" />
    <property name="javadoc.version" value="false" />
    <property name="libs.MySQLDriver.javadoc" value="" />
    <property name="org.openide.version" value="deprecated" />
    <property name="platforms.JDK_1.5.compiler" value="modern" />
    <property name="libs.restlib_gfv3ee6.maven-pom" value="" />
    <property name="source.encoding" value="UTF-8" />
    <property name="platform.java" value="C:\Dev\jdk1.5.0_05/bin/java" />
    <property name="ap.cmd.line.internal" value="" />
    <property name="libs.eclipselinkmodelgen.maven-pom" value="" />
    <property name="libs.jsp-compilation-syscp.javadoc" value="" />
    <property name="libs.junit.maven-pom" value="" />
    <property name="libs.eclipselinkmodelgen.javadoc" value="" />
    <property name="libs.metro.javadoc" value="C:\Users\Visural\.netbeans\7.0\docs\metro-1.4-doc.zip" />
    <property name="libs.struts.maven-pom" value="" />
    <property name="env.PSModulePath" value="C:\Windows\system32\WindowsPowerShell\v1.0\Modules\" />
    <property name="netbeans.home+have.tests" value="true" />
    <property name="profiler.info.jvm" value="C:\Dev\jdk1.5.0_05\bin\java.exe" />
    <property name="annotation.processing.processor.options" value="" />
    <property name="libs.jaxb.src" value="" />
    <property name="libs.Java-EE-GlassFish-v3.wsgenerate" value="" />
    <property name="env.PROCESSOR_LEVEL" value="6" />
    <property name="work.dir" value="C:\Users\Visural\Documents\NetBeansProjects\oss\visural-common\visural-common" />
    <property name="libs.jaxb.classpath" value="C:\Program Files\NetBeans 7.0\ide\modules\ext\jaxb\jaxb-impl.jar;C:\Program Files\NetBeans 7.0\ide\modules\ext\jaxb\jaxb-xjc.jar;C:\Program Files\NetBeans 7.0\ide\modules\ext\jaxb\jaxb1-impl.jar;C:\Program Files\NetBeans 7.0\ide\modules\ext\jaxb\activation.jar;C:\Program Files\NetBeans 7.0\ide\modules\ext\jaxb\api\jaxb-api.jar;C:\Program Files\NetBeans 7.0\ide\modules\ext\jaxb\api\jsr173_api.jar" />
    <property name="do.depend" value="false" />
    <property name="dist.javadoc.dir" value="dist/javadoc" />
    <property name="libs.swing-layout.classpath" value="C:\Program Files\NetBeans 7.0\platform\modules\ext\swing-layout-1.0.4.jar" />
    <property name="env.=::" value="::\" />
    <property name="libs.restlib.src" value="" />
    <property name="javac.source" value="1.5" />
    <property name="build.generated.dir" value="build/generated" />
    <property name="profiler.info.dir" value="C:\Users\Visural\Documents\NetBeansProjects\oss\visural-common\visural-common" />
    <property name="line.separator" value="&#xd;&#xa;" />
    <property name="libs.hibernate-persistence.src" value="" />
    <property name="profiler.session.working.dir" value="C:\Program Files\NetBeans 7.0" />
    <property name="profiler.settings.cpu.quick.filterprofiler.simple.filter.name" value="Quick filter..." />
    <property name="java.specification.version" value="1.5" />
    <property name="libraries.path" value="C:\Users\Visural\Documents\NetBeansProjects\oss\visural-common\visural-common\lib\nblibraries.properties" />
    <property name="libs.jaxws21.maven-pom" value="" />
    <property name="java.vm.info" value="mixed mode" />
    <property name="env.HOMEDRIVE" value="C:" />
    <property name="platform.java.tmp" value="${platforms.JDK_1.5.java}" />
    <property name="libs.spring-framework.maven-pom" value="" />
    <property name="sun.boot.class.path" value="C:\Dev\jdk1.5.0_05\jre\lib\rt.jar;C:\Dev\jdk1.5.0_05\jre\lib\i18n.jar;C:\Dev\jdk1.5.0_05\jre\lib\sunrsasign.jar;C:\Dev\jdk1.5.0_05\jre\lib\jsse.jar;C:\Dev\jdk1.5.0_05\jre\lib\jce.jar;C:\Dev\jdk1.5.0_05\jre\lib\charsets.jar;C:\Dev\jdk1.5.0_05\jre\classes;C:\Program Files\NetBeans 7.0\profiler\lib/jfluid-server.jar;C:\Program Files\NetBeans 7.0\profiler\lib/jfluid-server-15.jar" />
    <property name="javac.target" value="1.5" />
    <property name="built-jar.properties" value="C:\Users\Visural\Documents\NetBeansProjects\oss\visural-common\visural-common\build\built-jar.properties" />
    <property name="build.test.classes.dir" value="build/test/classes" />
    <property name="src.dir" value="src" />
    <property name="env.APPDATA" value="C:\Users\Visural\AppData\Roaming" />
    <property name="annotation.processing.enabled" value="true" />
    <property name="sun.awt.keepWorkingSetOnMinimize" value="true" />
    <property name="profiler.settings.instrument.method.invoke" value="true" />
    <property name="libs.struts.javadoc" value="C:\Users\Visural\.netbeans\7.0\docs\struts-1.3.8-javadoc.zip" />
    <property name="jaxbwiz.endorsed.dirs" value="C:\Program Files\NetBeans 6.8\ide12\modules\ext\jaxb\api" />
    <property name="libs.Comet-GlassFish-v3.classpath" value="C:\Program Files\glassfish-3.0.1\glassfish\modules\grizzly-comet.jar" />
    <property name="libs.restlib_gfv3ee6.javadoc" value="C:\Users\Visural\.netbeans\7.0\docs\jsr311-api-1.1.1-javadoc.zip;C:\Users\Visural\.netbeans\7.0\docs\jersey-client-1.3-javadoc.zip;C:\Users\Visural\.netbeans\7.0\docs\jersey-json-1.3-javadoc.zip;C:\Users\Visural\.netbeans\7.0\docs\jersey-multipart-1.3-javadoc.zip" />
    <property name="profiler.settings.override.working.dir" value="" />
    <property name="dist.dir" value="dist" />
    <property name="profiler.settings.istrument.getter.setter.methods" value="false" />
    <property name="env.PATHEXT" value=".COM;.EXE;.BAT;.CMD;.VBS;.VBE;.JS;.JSE;.WSF;.WSH;.MSC" />
    <property name="profiler.session.class.name" value="com.visural.common.web.css.CSSMHTML" />
    <property name="profiler.settings.profile.underlying.framework" value="false" />
    <property name="java.awt.printerjob" value="sun.awt.windows.WPrinterJob" />
    <property name="profiler.session.java.version" value="jdk15" />
    <property name="default.javac.source" value="1.6" />
    <property name="debug-transport-by-os" value="dt_shmem" />
    <property name="env.SystemRoot" value="C:\Windows" />
    <property name="sun.jnu.encoding" value="Cp1252" />
    <property name="libs.MySQLDriver.src" value="" />
    <property name="profiler.settings.obj.alloc.stack.sampling.depth" value="0" />
    <property name="java.runtime.version" value="1.5.0_05-b05" />
    <property name="build.test.results.dir" value="build/test/results" />
    <property name="libs.ejb3-persistence.javadoc" value="" />
    <property name="profiler.session.class.path" value="${libs.guice.classpath}:${libs.guava.classpath}:${libs.rhino.classpath}:${libs.javax.servlet.classpath}:${libs.yuicompressor.classpath}:build/classes" />
    <property name="default.javac.target" value="1.6" />
    <property name="libs.Java-EE-GlassFish-v3.src" value="" />
    <property name="libs.junit_4.classpath" value="C:/Users/Visural/Documents/NetBeansProjects/oss/visural-common/visural-common/lib/junit_4/junit-4.5.jar" />
    <property name="user.timezone" value="GMT" />
    <property name="do.jar" value="true" />
    <property name="libs.javaee-endorsed-api-6.0.maven-pom" value="" />
    <property name="netbeans.dirs" value="C:\Program Files\NetBeans 7.0\nb;C:\Program Files\NetBeans 7.0\ergonomics;C:\Program Files\NetBeans 7.0\ide;C:\Program Files\NetBeans 7.0\java;C:\Program Files\NetBeans 7.0\xml;C:\Program Files\NetBeans 7.0\apisupport;C:\Program Files\NetBeans 7.0\webcommon;C:\Program Files\NetBeans 7.0\websvccommon;C:\Program Files\NetBeans 7.0\enterprise;C:\Program Files\NetBeans 7.0\mobility;C:\Program Files\NetBeans 7.0\profiler;C:\Program Files\NetBeans 7.0\ruby;C:\Program Files\NetBeans 7.0\python;C:\Program Files\NetBeans 7.0\php;C:\Program Files\NetBeans 7.0\visualweb;C:\Program Files\NetBeans 7.0\soa;C:\Program Files\NetBeans 7.0\identity;C:\Program Files\NetBeans 7.0\uml;C:\Program Files\NetBeans 7.0\harness;C:\Program Files\NetBeans 7.0\cnd;C:\Program Files\NetBeans 7.0\dlight;C:\Program Files\NetBeans 7.0\groovy;C:\Program Files\NetBeans 7.0\extra;C:\Program Files\NetBeans 7.0\javafx;C:\Program Files\NetBeans 7.0\javacard" />
    <property name="libs.restlib_gfv3ee6.src" value="" />
    <property name="java.ext.dirs" value="C:\Dev\jdk1.5.0_05\jre\lib\ext" />
    <property name="libs.metro.src" value="" />
    <property name="endorsed.classpath" value="" />
    <property name="libs.absolutelayout.classpath" value="C:\Program Files\NetBeans 7.0\java\modules\ext\AbsoluteLayout.jar" />
    <property name="excludes" value="" />
    <property name="libs.metro.classpath" value="C:\Program Files\NetBeans 7.0\ide\modules\ext\jaxb\activation.jar;C:\Users\Visural\.netbeans\7.0\modules\ext\metro\webservices-api.jar;C:\Users\Visural\.netbeans\7.0\modules\ext\metro\webservices-extra-api.jar;C:\Users\Visural\.netbeans\7.0\modules\ext\metro\webservices-extra.jar;C:\Users\Visural\.netbeans\7.0\modules\ext\metro\webservices-rt.jar;C:\Users\Visural\.netbeans\7.0\modules\ext\metro\webservices-tools.jar" />
    <property name="libs.restlib.maven-pom" value="" />
    <property name="apple.laf.useScreenMenuBar" value="true" />
    <property name="java.class.path" value="C:\Users\Visural\Documents\NetBeansProjects\oss\visural-common\visural-common\lib\guice\aopalliance.jar;C:\Users\Visural\Documents\NetBeansProjects\oss\visural-common\visural-common\lib\guice\guice-2.0.jar;C:\Users\Visural\Documents\NetBeansProjects\oss\visural-common\visural-common\lib\guice\guice-assistedinject-2.0.jar;C:\Users\Visural\Documents\NetBeansProjects\oss\visural-common\visural-common\lib\guice\guice-jmx-2.0.jar;C:\Users\Visural\Documents\NetBeansProjects\oss\visural-common\visural-common\lib\guice\guice-jndi-2.0.jar;C:\Users\Visural\Documents\NetBeansProjects\oss\visural-common\visural-common\lib\guice\guice-multibindings-2.0.jar;C:\Users\Visural\Documents\NetBeansProjects\oss\visural-common\visural-common\lib\guice\guice-servlet-2.0.jar;C:\Users\Visural\Documents\NetBeansProjects\oss\visural-common\visural-common\lib\guice\guice-spring-2.0.jar;C:\Users\Visural\Documents\NetBeansProjects\oss\visural-common\visural-common\lib\guice\guice-struts2-plugin-2.0.jar;C:\Users\Visural\Documents\NetBeansProjects\oss\visural-common\visural-common\lib\guice\guice-throwingproviders-2.0.jar;C:\Users\Visural\Documents\NetBeansProjects\oss\visural-common\visural-common\lib\guava\guava-r05.jar;C:\Users\Visural\Documents\NetBeansProjects\oss\visural-common\visural-common\lib\rhino\js.jar;C:\Users\Visural\Documents\NetBeansProjects\oss\visural-common\visural-common\lib\javax.servlet\geronimo-servlet_2.5_spec-1.2.jar;C:\Users\Visural\Documents\NetBeansProjects\oss\visural-common\visural-common\lib\yuicompressor\yuicompressor-2.4.2.jar;C:\Users\Visural\Documents\NetBeansProjects\oss\visural-common\visural-common\build\classes;C:\Users\Visural\Documents\NetBeansProjects\oss\visural-common\visural-common\lib\junit\junit-3.8.2.jar;C:\Users\Visural\Documents\NetBeansProjects\oss\visural-common\visural-common\lib\junit_4\junit-4.5.jar;C:\Users\Visural\Documents\NetBeansProjects\oss\visural-common\visural-common\build\test\classes;C:\Program Files\NetBeans 7.0\java\ant\lib\ant-launcher.jar;C:\Program Files\NetBeans 7.0\java\ant\lib\ant.jar;C:\Program Files\NetBeans 7.0\java\ant\lib\ant-junit.jar;C:\Program Files\NetBeans 7.0\java\ant\lib\ant-junit4.jar" />
    <property name="env.Path" value="C:\Windows\system32;C:\Windows;C:\Windows\System32\Wbem;C:\Windows\System32\WindowsPowerShell\v1.0\;C:\Program Files\Common Files\Adobe\AGL;C:\Program Files\TortoiseSVN\bin" />
    <property name="do.mkdist" value="true" />
    <property name="libs.absolutelayout.src" value="" />
    <property name="profiler.settings.instrument.empty.methods" value="false" />
    <property name="env.USERNAME" value="Visural" />
    <property name="os.version" value="6.1" />
    <property name="application.args" value="D:\Dev\Software\Web\omd\OnMyDoorstep\src\java\com\visural\onmydoorstep\pages\resources\pinvoke\icons.css D:\Dev\Software\Web\omd\OnMyDoorstep\src\java\com\visural\onmydoorstep\pages\resources\pinvoke\icons-mhtml.css icons-mhtml.css" />
    <property name="env.HOMEPATH" value="\Users\Visural" />
    <property name="profiler.settings.threads.sampling.enabled" value="true" />
    <property name="libs.EclipseLink-GlassFish-v3.javadoc" value="" />
    <property name="profiler.session.java.executable" value="C:\Dev\jdk1.5.0_05\bin\java.exe" />
    <property name="main.class.available" value="true" />
    <property name="libs.toplink.javadoc" value="" />
    <property name="sun.desktop" value="windows" />
    <property name="libs.Comet-GlassFish-v3.src" value="" />
    <property name="libs.restlib.javadoc" value="C:\Users\Visural\.netbeans\7.0\docs\jersey-client-1.3-javadoc.zip;C:\Users\Visural\.netbeans\7.0\docs\jersey-core-1.1.5.1-javadoc.zip;C:\Users\Visural\.netbeans\7.0\docs\jersey-json-1.3-javadoc.zip;C:\Users\Visural\.netbeans\7.0\docs\jersey-multipart-1.3-javadoc.zip;C:\Users\Visural\.netbeans\7.0\docs\jersey-spring-1.3-javadoc.zip;C:\Users\Visural\.netbeans\7.0\docs\oauth-client-1.3-javadoc.zip;C:\Users\Visural\.netbeans\7.0\docs\oauth-signature-1.3-javadoc.zip" />
    <property name="env.VBOX_INSTALL_PATH" value="C:\Program Files\Oracle\VirtualBox\" />
    <property name="libs.eclipselink.classpath" value="C:\Program Files\NetBeans 7.0\java\modules\ext\eclipselink\eclipselink-2.2.0.jar;C:\Program Files\NetBeans 7.0\java\modules\ext\eclipselink\eclipselink-javax.persistence-2.0.jar" />
    <property name="platforms.JDK_1.5.bootclasspath" value="C:\Dev\jdk1.5.0_05\jre\lib\rt.jar;C:\Dev\jdk1.5.0_05\jre\lib\i18n.jar;C:\Dev\jdk1.5.0_05\jre\lib\sunrsasign.jar;C:\Dev\jdk1.5.0_05\jre\lib\jsse.jar;C:\Dev\jdk1.5.0_05\jre\lib\jce.jar;C:\Dev\jdk1.5.0_05\jre\lib\charsets.jar;C:\Dev\jdk1.5.0_05\jre\classes;C:\Dev\jdk1.5.0_05\jre\lib\ext\dnsns.jar;C:\Dev\jdk1.5.0_05\jre\lib\ext\localedata.jar;C:\Dev\jdk1.5.0_05\jre\lib\ext\sunjce_provider.jar;C:\Dev\jdk1.5.0_05\jre\lib\ext\sunpkcs11.jar" />
    <property name="profiler.settings.settings.name" value="Analyze Performance" />
    <property name="java.awt.graphicsenv" value="sun.awt.Win32GraphicsEnvironment" />
    <property name="libs.beans-binding.javadoc" value="C:\Program Files\NetBeans 7.0\java\docs\beansbinding-1.2.1-doc.zip" />
    <property name="libs.Java-EE-GlassFish-v3.classpath" value="C:\Program Files\glassfish-3.0.1\glassfish\modules\javax.security.jacc.jar;C:\Program Files\glassfish-3.0.1\glassfish\modules\endorsed\jaxb-api-osgi.jar;C:\Program Files\glassfish-3.0.1\glassfish\modules\bean-validator.jar;C:\Program Files\glassfish-3.0.1\glassfish\modules\javax.jms.jar;C:\Program Files\glassfish-3.0.1\glassfish\modules\javax.ejb.jar;C:\Program Files\glassfish-3.0.1\glassfish\modules\jsr311-api.jar;C:\Program Files\glassfish-3.0.1\glassfish\modules\javax.security.auth.message.jar;C:\Program Files\glassfish-3.0.1\glassfish\modules\javax.servlet.jsp.jar;C:\Program Files\glassfish-3.0.1\glassfish\modules\javax.enterprise.deploy.jar;C:\Program Files\glassfish-3.0.1\glassfish\modules\endorsed\javax.annotation.jar;C:\Program Files\glassfish-3.0.1\glassfish\modules\javax.resource.jar;C:\Program Files\glassfish-3.0.1\glassfish\modules\mail.jar;C:\Program Files\glassfish-3.0.1\glassfish\modules\javax.transaction.jar;C:\Program Files\glassfish-3.0.1\glassfish\modules\jsf-impl.jar;C:\Program Files\glassfish-3.0.1\glassfish\modules\weld-osgi-bundle.jar;C:\Program Files\glassfish-3.0.1\glassfish\modules\jstl-impl.jar;C:\Program Files\glassfish-3.0.1\glassfish\modules\javax.management.j2ee.jar;C:\Program Files\glassfish-3.0.1\glassfish\modules\javax.servlet.jar;C:\Program Files\glassfish-3.0.1\glassfish\modules\jsf-api.jar;C:\Program Files\glassfish-3.0.1\glassfish\modules\endorsed\webservices-api-osgi.jar;C:\Program Files\glassfish-3.0.1\glassfish\modules\javax.persistence.jar;C:\Program Files\glassfish-3.0.1\glassfish\modules\javax.servlet.jsp.jstl.jar;C:\Program Files\glassfish-3.0.1\glassfish\modules\web-core.jar;C:\Program Files\glassfish-3.0.1\glassfish\modules\jackson-core-asl.jar;C:\Program Files\glassfish-3.0.1\glassfish\modules\jersey-gf-bundle.jar;C:\Program Files\glassfish-3.0.1\glassfish\modules\jersey-multipart.jar;C:\Program Files\glassfish-3.0.1\glassfish\modules\jettison.jar;C:\Program Files\glassfish-3.0.1\glassfish\modules\mimepull.jar;C:\Program Files\glassfish-3.0.1\glassfish\modules\jsr311-api.jar" />
    <property name="profiler.info.jvmargs.agent" value="-agentpath:C:/Program Files/NetBeans 7.0/profiler/lib/deployed/jdk15/windows/profilerinterface.dll=C:\Program Files\NetBeans 7.0\profiler\lib,5140,10" />
    <property name="java.vm.vendor" value="Sun Microsystems Inc." />
    <property name="libs.CopyLibs.classpath" value="C:/Users/Visural/Documents/NetBeansProjects/oss/visural-common/visural-common/lib/CopyLibs/org-netbeans-modules-java-j2seproject-copylibstask.jar" />
    <property name="libs.spring-framework300.classpath" value="C:\Program Files\NetBeans 7.0\ide\modules\ext\commons-logging-1.1.jar;C:\Program Files\NetBeans 7.0\java\modules\ext\cglib-2.2.jar;C:\Program Files\NetBeans 7.0\java\modules\ext\spring-3.0\spring-aop-3.0.2.RELEASE.jar;C:\Program Files\NetBeans 7.0\java\modules\ext\spring-3.0\spring-asm-3.0.2.RELEASE.jar;C:\Program Files\NetBeans 7.0\java\modules\ext\spring-3.0\spring-aspects-3.0.2.RELEASE.jar;C:\Program Files\NetBeans 7.0\java\modules\ext\spring-3.0\spring-beans-3.0.2.RELEASE.jar;C:\Program Files\NetBeans 7.0\java\modules\ext\spring-3.0\spring-context-3.0.2.RELEASE.jar;C:\Program Files\NetBeans 7.0\java\modules\ext\spring-3.0\spring-context-support-3.0.2.RELEASE.jar;C:\Program Files\NetBeans 7.0\java\modules\ext\spring-3.0\spring-core-3.0.2.RELEASE.jar;C:\Program Files\NetBeans 7.0\java\modules\ext\spring-3.0\spring-expression-3.0.2.RELEASE.jar;C:\Program Files\NetBeans 7.0\java\modules\ext\spring-3.0\spring-instrument-3.0.2.RELEASE.jar;C:\Program Files\NetBeans 7.0\java\modules\ext\spring-3.0\spring-instrument-tomcat-3.0.2.RELEASE.jar;C:\Program Files\NetBeans 7.0\java\modules\ext\spring-3.0\spring-jdbc-3.0.2.RELEASE.jar;C:\Program Files\NetBeans 7.0\java\modules\ext\spring-3.0\spring-jms-3.0.2.RELEASE.jar;C:\Program Files\NetBeans 7.0\java\modules\ext\spring-3.0\spring-orm-3.0.2.RELEASE.jar;C:\Program Files\NetBeans 7.0\java\modules\ext\spring-3.0\spring-oxm-3.0.2.RELEASE.jar;C:\Program Files\NetBeans 7.0\java\modules\ext\spring-3.0\spring-test-3.0.2.RELEASE.jar;C:\Program Files\NetBeans 7.0\java\modules\ext\spring-3.0\spring-tx-3.0.2.RELEASE.jar;C:\Program Files\NetBeans 7.0\java\modules\ext\spring-3.0\spring-web-3.0.2.RELEASE.jar;C:\Program Files\NetBeans 7.0\java\modules\ext\spring-3.0\spring-webmvc-portlet-3.0.2.RELEASE.jar;C:\Program Files\NetBeans 7.0\java\modules\ext\spring-3.0\spring-webmvc-3.0.2.RELEASE.jar;C:\Program Files\NetBeans 7.0\java\modules\ext\spring-3.0\spring-struts-3.0.2.RELEASE.jar" />
    <property name="libs.jsp-compiler.maven-pom" value="" />
    <property name="libs.Java-EE-GlassFish-v3.wsinterop" value="" />
    <property name="run.jvmargs" value="" />
    <property name="libs.ejb3-persistence.classpath" value="C:\Program Files\NetBeans 7.0\java\modules\ext\hibernate\ejb3-persistence.jar" />
    <property name="libs.spring-framework.javadoc" value="" />
    <property name="libs.PostgreSQLDriver.classpath" value="C:\Program Files\NetBeans 7.0\ide\modules\ext\postgresql-8.3-603.jdbc3.jar" />
    <property name="ant.file.type.visural-common" value="file" />
    <property name="libs.junit.src" value="" />
    <property name="main.class" value="com.visural.common.web.css.CSSMHTML" />
    <property name="libs.CopyLibs.src" value="" />
    <property name="build.dir" value="build" />
    <property name="libs.jsp-compilation.classpath" value="C:\Program Files\NetBeans 7.0\java\ant\lib\ant.jar;C:\Users\Visural\.netbeans\7.0\modules\ext\servlet3.0-jsp2.2-api.jar;C:\Users\Visural\.netbeans\7.0\modules\ext\glassfish-jspparser-3.0.jar;C:\Users\Visural\.netbeans\7.0\modules\ext\jstl.jar;C:\Program Files\NetBeans 7.0\java\ant\lib\ant-launcher.jar" />
    <property name="ant.version" value="Apache Ant(TM) version 1.8.2 compiled on December 20 2010" />
    <property name="file.encoding" value="Cp1252" />
    <property name="build.classes.excludes" value="**/*.java,**/*.form" />
    <property name="libs.guice.classpath" value="C:/Users/Visural/Documents/NetBeansProjects/oss/visural-common/visural-common/lib/guice/aopalliance.jar;C:/Users/Visural/Documents/NetBeansProjects/oss/visural-common/visural-common/lib/guice/guice-2.0.jar;C:/Users/Visural/Documents/NetBeansProjects/oss/visural-common/visural-common/lib/guice/guice-assistedinject-2.0.jar;C:/Users/Visural/Documents/NetBeansProjects/oss/visural-common/visural-common/lib/guice/guice-jmx-2.0.jar;C:/Users/Visural/Documents/NetBeansProjects/oss/visural-common/visural-common/lib/guice/guice-jndi-2.0.jar;C:/Users/Visural/Documents/NetBeansProjects/oss/visural-common/visural-common/lib/guice/guice-multibindings-2.0.jar;C:/Users/Visural/Documents/NetBeansProjects/oss/visural-common/visural-common/lib/guice/guice-servlet-2.0.jar;C:/Users/Visural/Documents/NetBeansProjects/oss/visural-common/visural-common/lib/guice/guice-spring-2.0.jar;C:/Users/Visural/Documents/NetBeansProjects/oss/visural-common/visural-common/lib/guice/guice-struts2-plugin-2.0.jar;C:/Users/Visural/Documents/NetBeansProjects/oss/visural-common/visural-common/lib/guice/guice-throwingproviders-2.0.jar" />
    <property name="javadoc.nonavbar" value="false" />
    <property name="platform.active" value="JDK_1.5" />
    <property name="profiler.settings.cpu.profiling.type" value="0" />
    <property name="awt.toolkit" value="sun.awt.windows.WToolkit" />
  </properties>
  <testcase classname="com.visural.common.cache.CachePerformanceTest" name="testPerf" time="25.079" />
  <system-out><![CDATA[Called 26350 times
]]></system-out>
  <system-err><![CDATA[]]></system-err>
</testsuite>
